<component name="libraryTable">
  <library name="junit_4">
    <CLASSES>
      <root url="file://$PROJECT_DIR$/TicTacToe/lib/junit_4" />
    </CLASSES>
    <JAVADOC />
    <SOURCES>
      <root url="file://$PROJECT_DIR$/TicTacToe/lib/junit_4" />
    </SOURCES>
    <jarDirectory url="file://$PROJECT_DIR$/TicTacToe/lib/junit_4" recursive="false" />
    <jarDirectory url="file://$PROJECT_DIR$/TicTacToe/lib/junit_4" recursive="false" type="SOURCES" />
  </library>
</component>